{"name": "Добавление для сравнения", "status": "broken", "statusDetails": {"message": "selenium.common.exceptions.WebDriverException: Message: unknown error: Element <button type=\"button\" data-toggle=\"tooltip\" title=\"\" onclick=\"compare.add('33');\" data-original-title=\"Compare this Product\">...</button> is not clickable at point (709, 580). Other element would receive the click: <div class=\"caption\">...</div>\n  (Session info: headless chrome=73.0.3683.75)\n  (Driver info: chromedriver=73.0.3683.68 (47787ec04b6e38e22703e856e101e840b65afe72),platform=Linux 4.9.0-11-amd64 x86_64)", "trace": "driver = <selenium.webdriver.support.event_firing_webdriver.EventFiringWebDriver object at 0x7f8cb1d878d0>, url = 'http://localhost/opencart'\n\n    @allure.feature(\"Действия с товарами\")\n    @allure.story(\"Добавление для сравнения\")\n    @allure.title(\"Добавление для сравнения\")\n    def test_catalog(driver, url):\n        \"\"\"Добавление двух мониторов в каталога для сравнения, получение алертингов\"\"\"\n        with allure.step(\"Переход на главную страницу\"):\n            MainPage(driver, url).open()\n        with allure.step(\"Переход на страницу каталога Мониторы\"):\n            MenuBar(driver).components().monitors()\n        with allure.step(\"Добавить товар 1 для сравнения\"):\n            MainPage(driver).add_to_compare(number=1)\n        with allure.step(\"Появление сообщения об успешном действии\"):\n            AlertMSG(driver).check_alert_success()\n        with allure.step(\"Добавить товар 2 для сравнения\"):\n>           MainPage(driver).add_to_compare(number=2)\n\n03_PageObject/test_search_elements.py:36: \n_ _ _ _ _ _ _ _ _ _ _ _ _ _ _ _ _ _ _ _ _ _ _ _ _ _ _ _ _ _ _ _ _ _ _ _ _ _ _ _ _ _ _ _ _ _ _ _ _ _ _ _ _ _ _ _ _ _ _ _ _ _ _ _ _ _ _ _ _ _ _ _ _ _ _ _ _ _ _ _ _ _ _ _ _ _ _ _ _ _ _ _ _ _ _ _ _ _ _ _ _ _ _ _ _ _ _ _ _ _ _ _ _ _ _ _ _ _ _ _ _ _ _ _ _ _ _ _ _ _ _ _ _ _ \n03_PageObject/pageobjects/MainPage.py:31: in add_to_compare\n    self._click(ProductCard.compare_button, number - 1)\n03_PageObject/pageobjects/BasePage.py:52: in _click\n    self.__element(selector, number).click()\nenv/lib/python3.7/site-packages/selenium/webdriver/support/event_firing_webdriver.py:226: in click\n    self._dispatch(\"click\", (self._webelement, self._driver), \"click\", ())\nenv/lib/python3.7/site-packages/selenium/webdriver/support/event_firing_webdriver.py:294: in _dispatch\n    raise e\nenv/lib/python3.7/site-packages/selenium/webdriver/support/event_firing_webdriver.py:291: in _dispatch\n    result = getattr(self._webelement, d_call)(*d_args)\nenv/lib/python3.7/site-packages/selenium/webdriver/remote/webelement.py:80: in click\n    self._execute(Command.CLICK_ELEMENT)\nenv/lib/python3.7/site-packages/selenium/webdriver/remote/webelement.py:633: in _execute\n    return self._parent.execute(command, params)\nenv/lib/python3.7/site-packages/selenium/webdriver/remote/webdriver.py:321: in execute\n    self.error_handler.check_response(response)\n_ _ _ _ _ _ _ _ _ _ _ _ _ _ _ _ _ _ _ _ _ _ _ _ _ _ _ _ _ _ _ _ _ _ _ _ _ _ _ _ _ _ _ _ _ _ _ _ _ _ _ _ _ _ _ _ _ _ _ _ _ _ _ _ _ _ _ _ _ _ _ _ _ _ _ _ _ _ _ _ _ _ _ _ _ _ _ _ _ _ _ _ _ _ _ _ _ _ _ _ _ _ _ _ _ _ _ _ _ _ _ _ _ _ _ _ _ _ _ _ _ _ _ _ _ _ _ _ _ _ _ _ _ _ \n\nself = <selenium.webdriver.remote.errorhandler.ErrorHandler object at 0x7f8cb1d87690>\nresponse = {'sessionId': '70687e6a494b80b875bc110be1d52ba1', 'status': 13, 'value': {'message': 'unknown error: Element <button t...ver info: chromedriver=73.0.3683.68 (47787ec04b6e38e22703e856e101e840b65afe72),platform=Linux 4.9.0-11-amd64 x86_64)'}}\n\n    def check_response(self, response):\n        \"\"\"\n        Checks that a JSON response from the WebDriver does not have an error.\n    \n        :Args:\n         - response - The JSON response from the WebDriver server as a dictionary\n           object.\n    \n        :Raises: If the response contains an error message.\n        \"\"\"\n        status = response.get('status', None)\n        if status is None or status == ErrorCode.SUCCESS:\n            return\n        value = None\n        message = response.get(\"message\", \"\")\n        screen = response.get(\"screen\", \"\")\n        stacktrace = None\n        if isinstance(status, int):\n            value_json = response.get('value', None)\n            if value_json and isinstance(value_json, basestring):\n                import json\n                try:\n                    value = json.loads(value_json)\n                    if len(value.keys()) == 1:\n                        value = value['value']\n                    status = value.get('error', None)\n                    if status is None:\n                        status = value[\"status\"]\n                        message = value[\"value\"]\n                        if not isinstance(message, basestring):\n                            value = message\n                            message = message.get('message')\n                    else:\n                        message = value.get('message', None)\n                except ValueError:\n                    pass\n    \n        exception_class = ErrorInResponseException\n        if status in ErrorCode.NO_SUCH_ELEMENT:\n            exception_class = NoSuchElementException\n        elif status in ErrorCode.NO_SUCH_FRAME:\n            exception_class = NoSuchFrameException\n        elif status in ErrorCode.NO_SUCH_WINDOW:\n            exception_class = NoSuchWindowException\n        elif status in ErrorCode.STALE_ELEMENT_REFERENCE:\n            exception_class = StaleElementReferenceException\n        elif status in ErrorCode.ELEMENT_NOT_VISIBLE:\n            exception_class = ElementNotVisibleException\n        elif status in ErrorCode.INVALID_ELEMENT_STATE:\n            exception_class = InvalidElementStateException\n        elif status in ErrorCode.INVALID_SELECTOR \\\n                or status in ErrorCode.INVALID_XPATH_SELECTOR \\\n                or status in ErrorCode.INVALID_XPATH_SELECTOR_RETURN_TYPER:\n            exception_class = InvalidSelectorException\n        elif status in ErrorCode.ELEMENT_IS_NOT_SELECTABLE:\n            exception_class = ElementNotSelectableException\n        elif status in ErrorCode.ELEMENT_NOT_INTERACTABLE:\n            exception_class = ElementNotInteractableException\n        elif status in ErrorCode.INVALID_COOKIE_DOMAIN:\n            exception_class = InvalidCookieDomainException\n        elif status in ErrorCode.UNABLE_TO_SET_COOKIE:\n            exception_class = UnableToSetCookieException\n        elif status in ErrorCode.TIMEOUT:\n            exception_class = TimeoutException\n        elif status in ErrorCode.SCRIPT_TIMEOUT:\n            exception_class = TimeoutException\n        elif status in ErrorCode.UNKNOWN_ERROR:\n            exception_class = WebDriverException\n        elif status in ErrorCode.UNEXPECTED_ALERT_OPEN:\n            exception_class = UnexpectedAlertPresentException\n        elif status in ErrorCode.NO_ALERT_OPEN:\n            exception_class = NoAlertPresentException\n        elif status in ErrorCode.IME_NOT_AVAILABLE:\n            exception_class = ImeNotAvailableException\n        elif status in ErrorCode.IME_ENGINE_ACTIVATION_FAILED:\n            exception_class = ImeActivationFailedException\n        elif status in ErrorCode.MOVE_TARGET_OUT_OF_BOUNDS:\n            exception_class = MoveTargetOutOfBoundsException\n        elif status in ErrorCode.JAVASCRIPT_ERROR:\n            exception_class = JavascriptException\n        elif status in ErrorCode.SESSION_NOT_CREATED:\n            exception_class = SessionNotCreatedException\n        elif status in ErrorCode.INVALID_ARGUMENT:\n            exception_class = InvalidArgumentException\n        elif status in ErrorCode.NO_SUCH_COOKIE:\n            exception_class = NoSuchCookieException\n        elif status in ErrorCode.UNABLE_TO_CAPTURE_SCREEN:\n            exception_class = ScreenshotException\n        elif status in ErrorCode.ELEMENT_CLICK_INTERCEPTED:\n            exception_class = ElementClickInterceptedException\n        elif status in ErrorCode.INSECURE_CERTIFICATE:\n            exception_class = InsecureCertificateException\n        elif status in ErrorCode.INVALID_COORDINATES:\n            exception_class = InvalidCoordinatesException\n        elif status in ErrorCode.INVALID_SESSION_ID:\n            exception_class = InvalidSessionIdException\n        elif status in ErrorCode.UNKNOWN_METHOD:\n            exception_class = UnknownMethodException\n        else:\n            exception_class = WebDriverException\n        if value == '' or value is None:\n            value = response['value']\n        if isinstance(value, basestring):\n            if exception_class == ErrorInResponseException:\n                raise exception_class(response, value)\n            raise exception_class(value)\n        if message == \"\" and 'message' in value:\n            message = value['message']\n    \n        screen = None\n        if 'screen' in value:\n            screen = value['screen']\n    \n        stacktrace = None\n        if 'stackTrace' in value and value['stackTrace']:\n            stacktrace = []\n            try:\n                for frame in value['stackTrace']:\n                    line = self._value_or_default(frame, 'lineNumber', '')\n                    file = self._value_or_default(frame, 'fileName', '<anonymous>')\n                    if line:\n                        file = \"%s:%s\" % (file, line)\n                    meth = self._value_or_default(frame, 'methodName', '<anonymous>')\n                    if 'className' in frame:\n                        meth = \"%s.%s\" % (frame['className'], meth)\n                    msg = \"    at %s (%s)\"\n                    msg = msg % (meth, file)\n                    stacktrace.append(msg)\n            except TypeError:\n                pass\n        if exception_class == ErrorInResponseException:\n            raise exception_class(response, message)\n        elif exception_class == UnexpectedAlertPresentException:\n            alert_text = None\n            if 'data' in value:\n                alert_text = value['data'].get('text')\n            elif 'alert' in value:\n                alert_text = value['alert'].get('text')\n            raise exception_class(message, screen, stacktrace, alert_text)\n>       raise exception_class(message, screen, stacktrace)\nE       selenium.common.exceptions.WebDriverException: Message: unknown error: Element <button type=\"button\" data-toggle=\"tooltip\" title=\"\" onclick=\"compare.add('33');\" data-original-title=\"Compare this Product\">...</button> is not clickable at point (709, 580). Other element would receive the click: <div class=\"caption\">...</div>\nE         (Session info: headless chrome=73.0.3683.75)\nE         (Driver info: chromedriver=73.0.3683.68 (47787ec04b6e38e22703e856e101e840b65afe72),platform=Linux 4.9.0-11-amd64 x86_64)\n\nenv/lib/python3.7/site-packages/selenium/webdriver/remote/errorhandler.py:242: WebDriverException"}, "description": "Добавление двух мониторов в каталога для сравнения, получение алертингов", "steps": [{"name": "Переход на главную страницу", "status": "passed", "steps": [{"name": "Открытие страницы http://localhost/opencart", "status": "passed", "start": 1572286262219, "stop": 1572286289874}], "start": 1572286262219, "stop": 1572286289874}, {"name": "Переход на страницу каталога Мониторы", "status": "passed", "steps": [{"name": "Ожидание 10 секунд элемента {'link': 'Components'},порядковй номер 1", "status": "passed", "steps": [{"name": "Поиск элемента {'link': 'Components'}, порядковй номер 1", "status": "passed", "start": 1572286289874, "stop": 1572286289969}], "start": 1572286289874, "stop": 1572286290009}, {"name": "Нажатие на элемент {'link': 'Components'}, порядковй номер 1", "status": "passed", "steps": [{"name": "Поиск элемента {'link': 'Components'}, порядковй номер 1", "status": "passed", "start": 1572286290009, "stop": 1572286290059}], "start": 1572286290009, "stop": 1572286290142}, {"name": "Нажатие на элемент {'part_link': 'Monitors'}, порядковй номер 1", "status": "passed", "steps": [{"name": "Поиск элемента {'part_link': 'Monitors'}, порядковй номер 1", "status": "passed", "start": 1572286290142, "stop": 1572286290195}], "start": 1572286290142, "stop": 1572286290730}], "start": 1572286289874, "stop": 1572286290730}, {"name": "Добавить товар 1 для сравнения", "status": "passed", "steps": [{"name": "Нажатие на элемент {'xpath': '//button[@data-original-title=\"Compare this Product\"]'}, порядковй номер 1", "status": "passed", "steps": [{"name": "Поиск элемента {'xpath': '//button[@data-original-title=\"Compare this Product\"]'}, порядковй номер 1", "status": "passed", "start": 1572286290730, "stop": 1572286290787}], "start": 1572286290730, "stop": 1572286290887}], "start": 1572286290730, "stop": 1572286290887}, {"name": "Появление сообщения об успешном действии", "status": "passed", "steps": [{"name": "Ожидание 10 секунд элемента {'class': 'alert-success'},порядковй номер 1", "status": "passed", "steps": [{"name": "Поиск элемента {'class': 'alert-success'}, порядковй номер 1", "status": "passed", "start": 1572286290887, "stop": 1572286291095}], "start": 1572286290887, "stop": 1572286291114}], "start": 1572286290887, "stop": 1572286291114}, {"name": "Добавить товар 2 для сравнения", "status": "broken", "statusDetails": {"message": "selenium.common.exceptions.WebDriverException: Message: unknown error: Element <button type=\"button\" data-toggle=\"tooltip\" title=\"\" onclick=\"compare.add('33');\" data-original-title=\"Compare this Product\">...</button> is not clickable at point (709, 580). Other element would receive the click: <div class=\"caption\">...</div>\n  (Session info: headless chrome=73.0.3683.75)\n  (Driver info: chromedriver=73.0.3683.68 (47787ec04b6e38e22703e856e101e840b65afe72),platform=Linux 4.9.0-11-amd64 x86_64)\n\n", "trace": "  File \"/home/alex/IT/OTUS/Python_QA_Engineer/Opencart-Testing-Project/03_PageObject/test_search_elements.py\", line 36, in test_catalog\n    MainPage(driver).add_to_compare(number=2)\n  File \"/home/alex/IT/OTUS/Python_QA_Engineer/Opencart-Testing-Project/03_PageObject/pageobjects/MainPage.py\", line 31, in add_to_compare\n    self._click(ProductCard.compare_button, number - 1)\n  File \"/home/alex/IT/OTUS/Python_QA_Engineer/Opencart-Testing-Project/03_PageObject/pageobjects/BasePage.py\", line 52, in _click\n    self.__element(selector, number).click()\n  File \"/home/alex/IT/OTUS/Python_QA_Engineer/Opencart-Testing-Project/env/lib/python3.7/site-packages/selenium/webdriver/support/event_firing_webdriver.py\", line 226, in click\n    self._dispatch(\"click\", (self._webelement, self._driver), \"click\", ())\n  File \"/home/alex/IT/OTUS/Python_QA_Engineer/Opencart-Testing-Project/env/lib/python3.7/site-packages/selenium/webdriver/support/event_firing_webdriver.py\", line 294, in _dispatch\n    raise e\n  File \"/home/alex/IT/OTUS/Python_QA_Engineer/Opencart-Testing-Project/env/lib/python3.7/site-packages/selenium/webdriver/support/event_firing_webdriver.py\", line 291, in _dispatch\n    result = getattr(self._webelement, d_call)(*d_args)\n  File \"/home/alex/IT/OTUS/Python_QA_Engineer/Opencart-Testing-Project/env/lib/python3.7/site-packages/selenium/webdriver/remote/webelement.py\", line 80, in click\n    self._execute(Command.CLICK_ELEMENT)\n  File \"/home/alex/IT/OTUS/Python_QA_Engineer/Opencart-Testing-Project/env/lib/python3.7/site-packages/selenium/webdriver/remote/webelement.py\", line 633, in _execute\n    return self._parent.execute(command, params)\n  File \"/home/alex/IT/OTUS/Python_QA_Engineer/Opencart-Testing-Project/env/lib/python3.7/site-packages/selenium/webdriver/remote/webdriver.py\", line 321, in execute\n    self.error_handler.check_response(response)\n  File \"/home/alex/IT/OTUS/Python_QA_Engineer/Opencart-Testing-Project/env/lib/python3.7/site-packages/selenium/webdriver/remote/errorhandler.py\", line 242, in check_response\n    raise exception_class(message, screen, stacktrace)\n"}, "steps": [{"name": "Нажатие на элемент {'xpath': '//button[@data-original-title=\"Compare this Product\"]'}, порядковй номер 2", "status": "broken", "statusDetails": {"message": "selenium.common.exceptions.WebDriverException: Message: unknown error: Element <button type=\"button\" data-toggle=\"tooltip\" title=\"\" onclick=\"compare.add('33');\" data-original-title=\"Compare this Product\">...</button> is not clickable at point (709, 580). Other element would receive the click: <div class=\"caption\">...</div>\n  (Session info: headless chrome=73.0.3683.75)\n  (Driver info: chromedriver=73.0.3683.68 (47787ec04b6e38e22703e856e101e840b65afe72),platform=Linux 4.9.0-11-amd64 x86_64)\n\n", "trace": "  File \"/home/alex/IT/OTUS/Python_QA_Engineer/Opencart-Testing-Project/03_PageObject/pageobjects/BasePage.py\", line 52, in _click\n    self.__element(selector, number).click()\n  File \"/home/alex/IT/OTUS/Python_QA_Engineer/Opencart-Testing-Project/env/lib/python3.7/site-packages/selenium/webdriver/support/event_firing_webdriver.py\", line 226, in click\n    self._dispatch(\"click\", (self._webelement, self._driver), \"click\", ())\n  File \"/home/alex/IT/OTUS/Python_QA_Engineer/Opencart-Testing-Project/env/lib/python3.7/site-packages/selenium/webdriver/support/event_firing_webdriver.py\", line 294, in _dispatch\n    raise e\n  File \"/home/alex/IT/OTUS/Python_QA_Engineer/Opencart-Testing-Project/env/lib/python3.7/site-packages/selenium/webdriver/support/event_firing_webdriver.py\", line 291, in _dispatch\n    result = getattr(self._webelement, d_call)(*d_args)\n  File \"/home/alex/IT/OTUS/Python_QA_Engineer/Opencart-Testing-Project/env/lib/python3.7/site-packages/selenium/webdriver/remote/webelement.py\", line 80, in click\n    self._execute(Command.CLICK_ELEMENT)\n  File \"/home/alex/IT/OTUS/Python_QA_Engineer/Opencart-Testing-Project/env/lib/python3.7/site-packages/selenium/webdriver/remote/webelement.py\", line 633, in _execute\n    return self._parent.execute(command, params)\n  File \"/home/alex/IT/OTUS/Python_QA_Engineer/Opencart-Testing-Project/env/lib/python3.7/site-packages/selenium/webdriver/remote/webdriver.py\", line 321, in execute\n    self.error_handler.check_response(response)\n  File \"/home/alex/IT/OTUS/Python_QA_Engineer/Opencart-Testing-Project/env/lib/python3.7/site-packages/selenium/webdriver/remote/errorhandler.py\", line 242, in check_response\n    raise exception_class(message, screen, stacktrace)\n"}, "steps": [{"name": "Поиск элемента {'xpath': '//button[@data-original-title=\"Compare this Product\"]'}, порядковй номер 2", "status": "passed", "start": 1572286291115, "stop": 1572286291130}], "attachments": [{"source": "73184c9f-500d-498f-9e51-fa60d10f7412-attachment.png", "type": "image/png"}], "start": 1572286291115, "stop": 1572286291565}], "start": 1572286291114, "stop": 1572286291658}], "attachments": [{"name": "log", "source": "68e7c17a-8925-4033-a992-21f43458f761-attachment.txt", "type": "text/plain"}], "start": 1572286262219, "stop": 1572286291750, "uuid": "379b88ec-492a-426d-8c44-c65301317901", "historyId": "195e14988f575405d4e9126bed0466b1", "fullName": "03_PageObject.test_search_elements#test_catalog", "labels": [{"name": "story", "value": "Добавление для сравнения"}, {"name": "feature", "value": "Действия с товарами"}, {"name": "parentSuite", "value": "03_PageObject"}, {"name": "suite", "value": "test_search_elements"}, {"name": "subSuite"}, {"name": "host", "value": "delarge"}, {"name": "thread", "value": "14858-MainThread"}, {"name": "framework", "value": "pytest"}, {"name": "language", "value": "cpython3"}, {"name": "package", "value": "03_PageObject.test_search_elements"}]}