{"name": "Создание карточки товара", "status": "broken", "statusDetails": {"message": "selenium.common.exceptions.NoSuchElementException: Message: no such element: Unable to locate element: {\"method\":\"id\",\"selector\":\"lolka\"}\n  (Session info: headless chrome=73.0.3683.75)\n  (Driver info: chromedriver=73.0.3683.68 (47787ec04b6e38e22703e856e101e840b65afe72),platform=Linux 4.9.0-11-amd64 x86_64)", "trace": "driver = <selenium.webdriver.support.event_firing_webdriver.EventFiringWebDriver object at 0x7f8cb1e40a10>, url = 'http://localhost/opencart', logging_test = <Logger opencart_testing (DEBUG)>\n\n    @allure.feature(\"Редактирование каталога товаров\")\n    @allure.story(\"Создание карточки товара\")\n    @allure.title(\"Создание карточки товара\")\n    def test_create_product(driver, url, logging_test):\n        \"\"\"Успешное добавление продукта с заполнением требуемых полей\"\"\"\n    \n        p_name = \"Alcatel OT-890\"\n        p_meta_teg_title = \"Android 2.1\"\n        p_model = \"Product 2011\"\n    \n        with allure.step(\"Авторизация на странице администратора\"):\n            AdminPage(driver, url).open().login(login=\"Realdeal87\", password=\"K1x9Z5b8!\")\n        with allure.step(\"Переход в раздел каталога Products\"):\n            NavigationBar(driver).catalog().products()\n        with allure.step(\"Нажатие кнопки Add New\"):\n            ButtonGroup(driver).add_new()\n            logging_test.info(\"На этом месте тест упадет\")\n>           driver.find_element_by_id(\"lolka\")\n\n03_PageObject/test_crud_products.py:23: \n_ _ _ _ _ _ _ _ _ _ _ _ _ _ _ _ _ _ _ _ _ _ _ _ _ _ _ _ _ _ _ _ _ _ _ _ _ _ _ _ _ _ _ _ _ _ _ _ _ _ _ _ _ _ _ _ _ _ _ _ _ _ _ _ _ _ _ _ _ _ _ _ _ _ _ _ _ _ _ _ _ _ _ _ _ _ _ _ _ _ _ _ _ _ _ _ _ _ _ _ _ _ _ _ _ _ _ _ _ _ _ _ _ _ _ _ _ _ _ _ _ _ _ _ _ _ _ _ _ _ _ _ _ _ \nenv/lib/python3.7/site-packages/selenium/webdriver/support/event_firing_webdriver.py:107: in find_element_by_id\n    return self.find_element(by=By.ID, value=id_)\nenv/lib/python3.7/site-packages/selenium/webdriver/support/event_firing_webdriver.py:101: in find_element\n    return self._dispatch(\"find\", (by, value, self._driver), \"find_element\", (by, value))\nenv/lib/python3.7/site-packages/selenium/webdriver/support/event_firing_webdriver.py:160: in _dispatch\n    raise e\nenv/lib/python3.7/site-packages/selenium/webdriver/support/event_firing_webdriver.py:157: in _dispatch\n    result = getattr(self._driver, d_call)(*d_args)\nenv/lib/python3.7/site-packages/selenium/webdriver/remote/webdriver.py:978: in find_element\n    'value': value})['value']\nenv/lib/python3.7/site-packages/selenium/webdriver/remote/webdriver.py:321: in execute\n    self.error_handler.check_response(response)\n_ _ _ _ _ _ _ _ _ _ _ _ _ _ _ _ _ _ _ _ _ _ _ _ _ _ _ _ _ _ _ _ _ _ _ _ _ _ _ _ _ _ _ _ _ _ _ _ _ _ _ _ _ _ _ _ _ _ _ _ _ _ _ _ _ _ _ _ _ _ _ _ _ _ _ _ _ _ _ _ _ _ _ _ _ _ _ _ _ _ _ _ _ _ _ _ _ _ _ _ _ _ _ _ _ _ _ _ _ _ _ _ _ _ _ _ _ _ _ _ _ _ _ _ _ _ _ _ _ _ _ _ _ _ \n\nself = <selenium.webdriver.remote.errorhandler.ErrorHandler object at 0x7f8cb1eee590>\nresponse = {'sessionId': 'dd66ed9b56d4ef782d127095fac54ed6', 'status': 7, 'value': {'message': 'no such element: Unable to locate...ver info: chromedriver=73.0.3683.68 (47787ec04b6e38e22703e856e101e840b65afe72),platform=Linux 4.9.0-11-amd64 x86_64)'}}\n\n    def check_response(self, response):\n        \"\"\"\n        Checks that a JSON response from the WebDriver does not have an error.\n    \n        :Args:\n         - response - The JSON response from the WebDriver server as a dictionary\n           object.\n    \n        :Raises: If the response contains an error message.\n        \"\"\"\n        status = response.get('status', None)\n        if status is None or status == ErrorCode.SUCCESS:\n            return\n        value = None\n        message = response.get(\"message\", \"\")\n        screen = response.get(\"screen\", \"\")\n        stacktrace = None\n        if isinstance(status, int):\n            value_json = response.get('value', None)\n            if value_json and isinstance(value_json, basestring):\n                import json\n                try:\n                    value = json.loads(value_json)\n                    if len(value.keys()) == 1:\n                        value = value['value']\n                    status = value.get('error', None)\n                    if status is None:\n                        status = value[\"status\"]\n                        message = value[\"value\"]\n                        if not isinstance(message, basestring):\n                            value = message\n                            message = message.get('message')\n                    else:\n                        message = value.get('message', None)\n                except ValueError:\n                    pass\n    \n        exception_class = ErrorInResponseException\n        if status in ErrorCode.NO_SUCH_ELEMENT:\n            exception_class = NoSuchElementException\n        elif status in ErrorCode.NO_SUCH_FRAME:\n            exception_class = NoSuchFrameException\n        elif status in ErrorCode.NO_SUCH_WINDOW:\n            exception_class = NoSuchWindowException\n        elif status in ErrorCode.STALE_ELEMENT_REFERENCE:\n            exception_class = StaleElementReferenceException\n        elif status in ErrorCode.ELEMENT_NOT_VISIBLE:\n            exception_class = ElementNotVisibleException\n        elif status in ErrorCode.INVALID_ELEMENT_STATE:\n            exception_class = InvalidElementStateException\n        elif status in ErrorCode.INVALID_SELECTOR \\\n                or status in ErrorCode.INVALID_XPATH_SELECTOR \\\n                or status in ErrorCode.INVALID_XPATH_SELECTOR_RETURN_TYPER:\n            exception_class = InvalidSelectorException\n        elif status in ErrorCode.ELEMENT_IS_NOT_SELECTABLE:\n            exception_class = ElementNotSelectableException\n        elif status in ErrorCode.ELEMENT_NOT_INTERACTABLE:\n            exception_class = ElementNotInteractableException\n        elif status in ErrorCode.INVALID_COOKIE_DOMAIN:\n            exception_class = InvalidCookieDomainException\n        elif status in ErrorCode.UNABLE_TO_SET_COOKIE:\n            exception_class = UnableToSetCookieException\n        elif status in ErrorCode.TIMEOUT:\n            exception_class = TimeoutException\n        elif status in ErrorCode.SCRIPT_TIMEOUT:\n            exception_class = TimeoutException\n        elif status in ErrorCode.UNKNOWN_ERROR:\n            exception_class = WebDriverException\n        elif status in ErrorCode.UNEXPECTED_ALERT_OPEN:\n            exception_class = UnexpectedAlertPresentException\n        elif status in ErrorCode.NO_ALERT_OPEN:\n            exception_class = NoAlertPresentException\n        elif status in ErrorCode.IME_NOT_AVAILABLE:\n            exception_class = ImeNotAvailableException\n        elif status in ErrorCode.IME_ENGINE_ACTIVATION_FAILED:\n            exception_class = ImeActivationFailedException\n        elif status in ErrorCode.MOVE_TARGET_OUT_OF_BOUNDS:\n            exception_class = MoveTargetOutOfBoundsException\n        elif status in ErrorCode.JAVASCRIPT_ERROR:\n            exception_class = JavascriptException\n        elif status in ErrorCode.SESSION_NOT_CREATED:\n            exception_class = SessionNotCreatedException\n        elif status in ErrorCode.INVALID_ARGUMENT:\n            exception_class = InvalidArgumentException\n        elif status in ErrorCode.NO_SUCH_COOKIE:\n            exception_class = NoSuchCookieException\n        elif status in ErrorCode.UNABLE_TO_CAPTURE_SCREEN:\n            exception_class = ScreenshotException\n        elif status in ErrorCode.ELEMENT_CLICK_INTERCEPTED:\n            exception_class = ElementClickInterceptedException\n        elif status in ErrorCode.INSECURE_CERTIFICATE:\n            exception_class = InsecureCertificateException\n        elif status in ErrorCode.INVALID_COORDINATES:\n            exception_class = InvalidCoordinatesException\n        elif status in ErrorCode.INVALID_SESSION_ID:\n            exception_class = InvalidSessionIdException\n        elif status in ErrorCode.UNKNOWN_METHOD:\n            exception_class = UnknownMethodException\n        else:\n            exception_class = WebDriverException\n        if value == '' or value is None:\n            value = response['value']\n        if isinstance(value, basestring):\n            if exception_class == ErrorInResponseException:\n                raise exception_class(response, value)\n            raise exception_class(value)\n        if message == \"\" and 'message' in value:\n            message = value['message']\n    \n        screen = None\n        if 'screen' in value:\n            screen = value['screen']\n    \n        stacktrace = None\n        if 'stackTrace' in value and value['stackTrace']:\n            stacktrace = []\n            try:\n                for frame in value['stackTrace']:\n                    line = self._value_or_default(frame, 'lineNumber', '')\n                    file = self._value_or_default(frame, 'fileName', '<anonymous>')\n                    if line:\n                        file = \"%s:%s\" % (file, line)\n                    meth = self._value_or_default(frame, 'methodName', '<anonymous>')\n                    if 'className' in frame:\n                        meth = \"%s.%s\" % (frame['className'], meth)\n                    msg = \"    at %s (%s)\"\n                    msg = msg % (meth, file)\n                    stacktrace.append(msg)\n            except TypeError:\n                pass\n        if exception_class == ErrorInResponseException:\n            raise exception_class(response, message)\n        elif exception_class == UnexpectedAlertPresentException:\n            alert_text = None\n            if 'data' in value:\n                alert_text = value['data'].get('text')\n            elif 'alert' in value:\n                alert_text = value['alert'].get('text')\n            raise exception_class(message, screen, stacktrace, alert_text)\n>       raise exception_class(message, screen, stacktrace)\nE       selenium.common.exceptions.NoSuchElementException: Message: no such element: Unable to locate element: {\"method\":\"id\",\"selector\":\"lolka\"}\nE         (Session info: headless chrome=73.0.3683.75)\nE         (Driver info: chromedriver=73.0.3683.68 (47787ec04b6e38e22703e856e101e840b65afe72),platform=Linux 4.9.0-11-amd64 x86_64)\n\nenv/lib/python3.7/site-packages/selenium/webdriver/remote/errorhandler.py:242: NoSuchElementException"}, "description": "Успешное добавление продукта с заполнением требуемых полей", "steps": [{"name": "Авторизация на странице администратора", "status": "passed", "steps": [{"name": "Открытие страницы http://localhost/opencart/admin", "status": "passed", "start": 1572286135059, "stop": 1572286137169}, {"name": "Ввод текста Realdeal87 в элемент {'id': 'input-username'}, порядковй номер 1", "status": "passed", "steps": [{"name": "Поиск элемента {'id': 'input-username'}, порядковй номер 1", "status": "passed", "start": 1572286137170, "stop": 1572286137188}], "start": 1572286137170, "stop": 1572286137477}, {"name": "Ввод текста K1x9Z5b8! в элемент {'id': 'input-password'}, порядковй номер 1", "status": "passed", "steps": [{"name": "Поиск элемента {'id': 'input-password'}, порядковй номер 1", "status": "passed", "start": 1572286137477, "stop": 1572286137500}], "start": 1572286137477, "stop": 1572286137617}, {"name": "Нажатие на элемент {'css': '.btn', 'xpath': '//button'}, порядковй номер 1", "status": "passed", "steps": [{"name": "Поиск элемента {'css': '.btn', 'xpath': '//button'}, порядковй номер 1", "status": "passed", "start": 1572286137617, "stop": 1572286137635}], "start": 1572286137617, "stop": 1572286141893}], "start": 1572286135059, "stop": 1572286141893}, {"name": "Переход в раздел каталога Products", "status": "passed", "steps": [{"name": "Нажатие на элемент {'link': 'Catalog'}, порядковй номер 1", "status": "passed", "steps": [{"name": "Поиск элемента {'link': 'Catalog'}, порядковй номер 1", "status": "passed", "start": 1572286141894, "stop": 1572286142046}], "start": 1572286141894, "stop": 1572286142622}, {"name": "Нажатие на элемент {'link': 'Products'}, порядковй номер 1", "status": "passed", "steps": [{"name": "Поиск элемента {'link': 'Products'}, порядковй номер 1", "status": "passed", "start": 1572286142622, "stop": 1572286143098}], "start": 1572286142622, "stop": 1572286144414}], "start": 1572286141893, "stop": 1572286144414}, {"name": "Нажатие кнопки Add New", "status": "broken", "statusDetails": {"message": "selenium.common.exceptions.NoSuchElementException: Message: no such element: Unable to locate element: {\"method\":\"id\",\"selector\":\"lolka\"}\n  (Session info: headless chrome=73.0.3683.75)\n  (Driver info: chromedriver=73.0.3683.68 (47787ec04b6e38e22703e856e101e840b65afe72),platform=Linux 4.9.0-11-amd64 x86_64)\n\n", "trace": "  File \"/home/alex/IT/OTUS/Python_QA_Engineer/Opencart-Testing-Project/03_PageObject/test_crud_products.py\", line 23, in test_create_product\n    driver.find_element_by_id(\"lolka\")\n  File \"/home/alex/IT/OTUS/Python_QA_Engineer/Opencart-Testing-Project/env/lib/python3.7/site-packages/selenium/webdriver/support/event_firing_webdriver.py\", line 107, in find_element_by_id\n    return self.find_element(by=By.ID, value=id_)\n  File \"/home/alex/IT/OTUS/Python_QA_Engineer/Opencart-Testing-Project/env/lib/python3.7/site-packages/selenium/webdriver/support/event_firing_webdriver.py\", line 101, in find_element\n    return self._dispatch(\"find\", (by, value, self._driver), \"find_element\", (by, value))\n  File \"/home/alex/IT/OTUS/Python_QA_Engineer/Opencart-Testing-Project/env/lib/python3.7/site-packages/selenium/webdriver/support/event_firing_webdriver.py\", line 160, in _dispatch\n    raise e\n  File \"/home/alex/IT/OTUS/Python_QA_Engineer/Opencart-Testing-Project/env/lib/python3.7/site-packages/selenium/webdriver/support/event_firing_webdriver.py\", line 157, in _dispatch\n    result = getattr(self._driver, d_call)(*d_args)\n  File \"/home/alex/IT/OTUS/Python_QA_Engineer/Opencart-Testing-Project/env/lib/python3.7/site-packages/selenium/webdriver/remote/webdriver.py\", line 978, in find_element\n    'value': value})['value']\n  File \"/home/alex/IT/OTUS/Python_QA_Engineer/Opencart-Testing-Project/env/lib/python3.7/site-packages/selenium/webdriver/remote/webdriver.py\", line 321, in execute\n    self.error_handler.check_response(response)\n  File \"/home/alex/IT/OTUS/Python_QA_Engineer/Opencart-Testing-Project/env/lib/python3.7/site-packages/selenium/webdriver/remote/errorhandler.py\", line 242, in check_response\n    raise exception_class(message, screen, stacktrace)\n"}, "steps": [{"name": "Нажатие на элемент {'xpath': '//a[@data-original-title=\"Add New\"]'}, порядковй номер 1", "status": "passed", "steps": [{"name": "Поиск элемента {'xpath': '//a[@data-original-title=\"Add New\"]'}, порядковй номер 1", "status": "passed", "start": 1572286144414, "stop": 1572286144690}], "start": 1572286144414, "stop": 1572286145975}], "attachments": [{"source": "24ce3883-3662-4d24-a4bd-856cd402533b-attachment.png", "type": "image/png"}], "start": 1572286144414, "stop": 1572286166212}], "attachments": [{"name": "log", "source": "de109341-82cd-4c2f-8927-ca62d55e8295-attachment.txt", "type": "text/plain"}], "start": 1572286135058, "stop": 1572286166424, "uuid": "58a5cb9e-587f-4472-845a-527affdcfd9a", "historyId": "66ed597d5a2b81ad4ec562b5e3b3da39", "fullName": "03_PageObject.test_crud_products#test_create_product", "labels": [{"name": "story", "value": "Создание карточки товара"}, {"name": "feature", "value": "Редактирование каталога товаров"}, {"name": "parentSuite", "value": "03_PageObject"}, {"name": "suite", "value": "test_crud_products"}, {"name": "subSuite"}, {"name": "host", "value": "delarge"}, {"name": "thread", "value": "14858-MainThread"}, {"name": "framework", "value": "pytest"}, {"name": "language", "value": "cpython3"}, {"name": "package", "value": "03_PageObject.test_crud_products"}]}